Base path: C:/Program Files (x86)/Unity/Editor/Data
Pipe name: \\.\pipe\UnityShaderCompiler-1-4300
Cmd: getPlatforms
Cmd: compileSnippet
  error: 2 plat 0 at (23): Can't open include file "Tree.cginc"
  error: 1 plat 0 at (87): implicit cast from "float4" to "float3"
  api=0 type=0 insize=2402 outsize=0 kw= ok=0
Cmd: compileSnippet
  error: 2 plat 0 at (23): Can't open include file "Tree.cginc"
  error: 1 plat 0 at (87): implicit cast from "float4" to "float3"
  api=0 type=1 insize=2402 outsize=0 kw= ok=0
Cmd: compileSnippet
  error: 2 plat 0 at (23): Can't open include file "Tree.cginc"
  error: 1 plat 0 at (87): implicit cast from "float4" to "float3"
  api=0 type=0 insize=2402 outsize=0 kw= ok=0
Cmd: compileSnippet
  error: 2 plat 1 at (23): Can't open include file "Tree.cginc"
  error: 1 plat 1 at (87): implicit cast from "float4" to "float3"
  api=1 type=1 insize=2402 outsize=0 kw= ok=0
Cmd: compileSnippet
  error: 2 plat 8 at (22): failed to open source file: 'Tree.cginc'
  api=8 type=1 insize=2402 outsize=0 kw= ok=0
Cmd: compileSnippet
  error: 2 plat 0 at (23): Can't open include file "Tree.cginc"
  error: 1 plat 0 at (87): implicit cast from "float4" to "float3"
  api=0 type=0 insize=2402 outsize=0 kw= ok=0
Cmd: compileSnippet
  error: 2 plat 0 at (23): Can't open include file "Tree.cginc"
  error: 1 plat 0 at (87): implicit cast from "float4" to "float3"
  api=0 type=1 insize=2402 outsize=0 kw= ok=0
Cmd: compileSnippet
  error: 2 plat 0 at (23): Can't open include file "Tree.cginc"
  error: 1 plat 0 at (87): implicit cast from "float4" to "float3"
  api=0 type=0 insize=2402 outsize=0 kw= ok=0
Cmd: compileSnippet
  error: 2 plat 0 at (23): Can't open include file "Tree.cginc"
  error: 1 plat 0 at (87): implicit cast from "float4" to "float3"
  api=0 type=1 insize=2402 outsize=0 kw= ok=0
Cmd: compileSnippet
  error: 2 plat 0 at (23): Can't open include file "Tree.cginc"
  error: 1 plat 0 at (87): implicit cast from "float4" to "float3"
  api=0 type=0 insize=2402 outsize=0 kw= ok=0
Cmd: compileSnippet
  error: 2 plat 0 at (23): Can't open include file "Tree.cginc"
  error: 1 plat 0 at (87): implicit cast from "float4" to "float3"
  api=0 type=1 insize=2402 outsize=0 kw= ok=0
Cmd: compileSnippet
  error: 2 plat 0 at (23): Can't open include file "Tree.cginc"
  error: 1 plat 0 at (87): implicit cast from "float4" to "float3"
  api=0 type=0 insize=2402 outsize=0 kw= ok=0
Cmd: compileSnippet
  error: 2 plat 0 at (23): Can't open include file "Tree.cginc"
  error: 1 plat 0 at (87): implicit cast from "float4" to "float3"
  api=0 type=1 insize=2402 outsize=0 kw= ok=0
Cmd: compileSnippet
  error: 2 plat 0 at (23): Can't open include file "Tree.cginc"
  error: 1 plat 0 at (87): implicit cast from "float4" to "float3"
  api=0 type=0 insize=2402 outsize=0 kw= ok=0
Cmd: compileSnippet
  error: 2 plat 0 at (23): Can't open include file "Tree.cginc"
  error: 1 plat 0 at (87): implicit cast from "float4" to "float3"
  api=0 type=1 insize=2402 outsize=0 kw= ok=0
Cmd: compileSnippet
  error: 2 plat 0 at (23): Can't open include file "Tree.cginc"
  error: 1 plat 0 at (87): implicit cast from "float4" to "float3"
  api=0 type=0 insize=2402 outsize=0 kw= ok=0
Cmd: compileSnippet
  error: 2 plat 0 at (23): Can't open include file "Tree.cginc"
  error: 1 plat 0 at (87): implicit cast from "float4" to "float3"
  api=0 type=1 insize=2402 outsize=0 kw= ok=0
Cmd: compileSnippet
  error: 2 plat 0 at (23): Can't open include file "Tree.cginc"
  error: 1 plat 0 at (87): implicit cast from "float4" to "float3"
  api=0 type=0 insize=2402 outsize=0 kw= ok=0
Cmd: compileSnippet
  error: 2 plat 1 at (23): Can't open include file "Tree.cginc"
  error: 1 plat 1 at (87): implicit cast from "float4" to "float3"
  api=1 type=1 insize=2402 outsize=0 kw= ok=0
Cmd: compileSnippet
  error: 2 plat 0 at (23): Can't open include file "Tree.cginc"
  error: 1 plat 0 at (87): implicit cast from "float4" to "float3"
  api=0 type=0 insize=2402 outsize=0 kw= ok=0
Cmd: compileSnippet
  error: 2 plat 0 at (23): Can't open include file "Tree.cginc"
  error: 1 plat 0 at (87): implicit cast from "float4" to "float3"
  api=0 type=1 insize=2402 outsize=0 kw= ok=0
Cmd: compileSnippet
  error: 2 plat 0 at (23): Can't open include file "Tree.cginc"
  error: 1 plat 0 at (87): implicit cast from "float4" to "float3"
  api=0 type=0 insize=2402 outsize=0 kw= ok=0
Cmd: compileSnippet
  error: 2 plat 0 at (23): Can't open include file "Tree.cginc"
  error: 1 plat 0 at (87): implicit cast from "float4" to "float3"
  api=0 type=1 insize=2402 outsize=0 kw= ok=0
